server listening in port: 8081
========fileObj=========
{ 'chihuahua1.jpg': 
   { name: 'chihuahua1.jpg',
     data: <Buffer ff d8 ff e0 00 10 4a 46 49 46 00 01 01 00 00 01 00 01 00 00 ff e2 02 1c 49 43 43 5f 50 52 4f 46 49 4c 45 00 01 01 00 00 02 0c 6c 63 6d 73 02 10 00 00 ... >,
     size: 39758,
     encoding: 'binary',
     tempFilePath: '',
     truncated: false,
     mimetype: 'image/jpeg',
     md5: '438877b0e575224b59ae439e06e8129a',
     mv: [Function: mv] } }
=================
Archivo guardado localmente!
====================datos para analizar=====

=============================================
{ data: 
   [ { idTypeDoc: 0,
       typeDoc: '',
       dataDoc: '',
       dataAnalized: [Object],
       numDoc: 1 } ] }
=============================================
