server listening in port: 8081
========key=========
{ 'AvisoReciboCfe.jpg': 
   { name: 'AvisoReciboCfe.jpg',
     data: <Buffer ff d8 ff db 00 43 00 10 0b 0b 11 0c 11 1b 10 10 1b 22 1a 15 1a 22 27 1c 1c 1c 1c 27 22 17 17 17 17 17 22 11 0c 0c 0c 0c 0c 0c 11 0c 0c 0c 0c 0c 0c 0c ... >,
     size: 199062,
     encoding: 'binary',
     tempFilePath: '',
     truncated: false,
     mimetype: 'image/jpeg',
     md5: '8195ddd31b56b11a3117aea50f803b7f',
     mv: [Function: mv] } }
=================
Archivo guardado localmente!
====================datos para analizar=====
Suministrador de Servicios Básicos CFE Suministrador de Servlclos Báslcos Av. Paseo de la Reforma 164, Col. Juárez, Del. Cuauhtémoc, С.Р. 06600, Ciudad de México RFC: CSS160330CP7 CLIENTE 01 DIVISION VMIN Av.Paseo de la Reforma 164 Int 4 Vicente Guerrero y Morelos, San Juan Ixtacala amp Norte, C.P. 54168 Tlalnepantla de Baz, Estado de México. TOTAL A PAGAR: (TRECIENTOS CINCUENTA Y TRES PESOS 00/100 M.N.) NO. DE SERVICIO (RMU): 00000 AA-MM-DD XXXX-AAMMDD 000 XXX PERIODO FACTURADO: 31 AGO 17 31 OCT 17 TARIFA: 01 NO. MEDIDOR: B364436 MULTIPLICADOR:1 LÍMITE DE PAG0: 16 NOV 17 CORTE A PARTIR: 17 NOV 17 Lectura actual Medida & Estimada Lectura anterior Medida & Total Subtotal Concepto Estimada . (MXN) Energía (kWh) 118.95 124.28 Básico Intermedio Excedente 13 2.802 Este gráfico refleja tu nivel de consumo. A menor uso, mayor apoyo Subtotal 279.66 App CFE Contig VISA Ya puedes descargarla en tus dispositivos móviles y en todo momento consulta tu recibo realiza tu pago y ubica centros de atención a clientes. Gracias por tu paga! CFE Contigo disponible en: App Store Costos de la energía en el Mercado Eléctrico Mayorista Desglose del Importe a pagar S/kWh Concepto Suministro Distribución Transmisión CENACE Generación Capacidad Otros MEM) Concepto Cargo por consumo (kWh) IVA 16% DAP (2) Cargos o créditos (3) Facturación del periodo Diferencia por redondeo Adeudo anterior Pago anterior Importe (MXN) 148.20 Importe (MXN) 0.9473 0.0070 0.9361 0.5563 0.0054 274.28 163.00 352.37 Total a pagar Aportación Gubernamental 631.57 353.20 1) Otros MEM: Costos relacionados con los servicios del Mercado. DAP: Derecho al Alumbrado Público. 3) Cargos o créditos: Diversos conceptos que se pueden incluir en el aviso recibo relacionados con el suministro. CFENacional @CFEmx @CFE Contigo PORTE PAGADO CARTAS CA09-02268 AUTORIZADOS POR SEPOMEX Fecha, hora y lugar de impresión: 28 FEB 2017 12:34:16 hrs. AV. URDINOLA 995 COL. CENTRO SALTILLO SALTILLO Coahuila Mexico CP 25000 El Gobierno Federal trabaja contra la impunidad, con tu ayuda fortalecemos la lucha Secretaría de la Función Pública quejas y denuncias al Teléfono: NUMERO DE SERVICIO (RMU): 00000 AA-MM-DD XXXX-AAMMDD 000 XXX TOTAL A PAGAR: $353.00 M.N (TRECIENTOS CINCUENTA Y TRES PESOS 00/100 M.N.) CUENTA: 0000000000000000 CLAVE DE ENVIO: Repartir 
=============================================
===================extraccion de datos===================
 CLIENTE 01 DIVISION VMIN Av.Paseo de la Reforma 164 Int 4 Vicente Guerrero y Morelos, San Juan Ixtacala amp Norte, C.P. 54168 Tlalnepantla de Baz, Estado de México. TOTAL A PAGAR: (TRECIENTOS CINCUENTA Y TRES PESOS 00/100 M.N.) 
=============================================
{ data: 
   [ { idTypeDoc: 2,
       typeDoc: 'Recibo de Luz CFE',
       dataDoc: 'Suministrador de\nServicios Básicos\nCFE Suministrador de Servlclos Báslcos\nAv. Paseo de la Reforma 164,\nCol. Juárez, Del. Cuauhtémoc, С.Р. 06600, Ciudad de México\nRFC: CSS160330CP7\nCLIENTE 01 DIVISION VMIN\nAv.Paseo de la Reforma 164 Int 4\nVicente Guerrero y Morelos, San Juan Ixtacala amp Norte, C.P. 54168\nTlalnepantla de Baz, Estado de México.\nTOTAL A PAGAR:\n(TRECIENTOS CINCUENTA Y TRES PESOS 00/100 M.N.)\nNO. DE SERVICIO (RMU): 00000 AA-MM-DD XXXX-AAMMDD 000 XXX\nPERIODO FACTURADO: 31 AGO 17 31 OCT 17\nTARIFA: 01\nNO. MEDIDOR: B364436\nMULTIPLICADOR:1 LÍMITE DE PAG0: 16 NOV 17 CORTE A PARTIR:\n17 NOV 17\nLectura actual\nMedida & Estimada\nLectura anterior\nMedida &\nTotal\nSubtotal\nConcepto\nEstimada .\n(MXN)\nEnergía (kWh)\n118.95\n124.28\nBásico\nIntermedio\nExcedente\n13\n2.802\nEste gráfico refleja tu nivel de consumo. A menor uso, mayor apoyo\nSubtotal 279.66\nApp CFE Contig\nVISA\nYa puedes descargarla en tus dispositivos móviles y en todo momento consulta tu recibo\nrealiza tu pago y ubica centros de atención a clientes.\nGracias por tu paga!\nCFE Contigo disponible en:\nApp Store\nCostos de la energía en el Mercado Eléctrico Mayorista\nDesglose del Importe a pagar\nS/kWh\nConcepto\nSuministro\nDistribución\nTransmisión\nCENACE\nGeneración\nCapacidad\nOtros MEM)\nConcepto\nCargo por consumo (kWh)\nIVA 16%\nDAP (2)\nCargos o créditos (3)\nFacturación del periodo\nDiferencia por redondeo\nAdeudo anterior\nPago anterior\nImporte (MXN)\n148.20\nImporte (MXN)\n0.9473\n0.0070\n0.9361\n0.5563\n0.0054\n274.28\n163.00\n352.37\nTotal a pagar\nAportación Gubernamental 631.57\n353.20\n1) Otros MEM: Costos relacionados con los servicios del Mercado.\nDAP: Derecho al Alumbrado Público.\n3) Cargos o créditos: Diversos conceptos que se pueden incluir en el aviso recibo relacionados con el suministro.\nCFENacional\n@CFEmx\n@CFE Contigo\nPORTE PAGADO CARTAS CA09-02268 AUTORIZADOS POR SEPOMEX\nFecha, hora y lugar de impresión: 28 FEB 2017 12:34:16 hrs. AV. URDINOLA 995 COL. CENTRO SALTILLO\nSALTILLO Coahuila Mexico CP 25000 El Gobierno Federal trabaja contra la impunidad, con tu ayuda fortalecemos la\nlucha Secretaría de la Función Pública quejas y denuncias al Teléfono:\nNUMERO DE SERVICIO (RMU): 00000 AA-MM-DD XXXX-AAMMDD 000 XXX\nTOTAL A PAGAR:\n$353.00 M.N\n(TRECIENTOS CINCUENTA Y TRES PESOS 00/100 M.N.)\nCUENTA: 0000000000000000\nCLAVE DE ENVIO: Repartir\n',
       dataAnalized: [Object],
       numDoc: 1 } ] }
=============================================
